<?xml version="1.0" encoding="UTF-8"?>
<!-- Generated by org.testng.reporters.JUnitReportReporter -->
<testsuite hostname="DESKTOP-TPFM1J6" failures="0" tests="1" name="TestRunner.CucumberTestRunner" time="102.656" errors="0" timestamp="2024-09-18T15:04:06 IST" skipped="0">
  <testcase classname="TestRunner.CucumberTestRunner" name="runScenario" time="102.656"/>
</testsuite> <!-- TestRunner.CucumberTestRunner -->
