<?xml version="1.0" encoding="UTF-8"?>
<!-- Generated by org.testng.reporters.JUnitReportReporter -->
<testsuite hostname="DESKTOP-V7H3N54" failures="0" tests="1" name="TestRunner.CucumberTestRunner" time="6.790" errors="0" timestamp="2024-09-13T19:46:22 IST" skipped="0">
  <testcase classname="TestRunner.CucumberTestRunner" name="runScenario" time="6.790"/>
</testsuite> <!-- TestRunner.CucumberTestRunner -->
