<?xml version="1.0" encoding="UTF-8"?>
<!-- Generated by org.testng.reporters.JUnitReportReporter -->
<testsuite hostname="DESKTOP-TPFM1J6" failures="0" tests="2" name="TestRunner.CucumberTestRunner" time="7.760" errors="0" timestamp="2024-08-09T17:40:13 IST" skipped="0">
  <testcase classname="TestRunner.CucumberTestRunner" name="runScenario" time="3.396"/>
  <testcase classname="TestRunner.CucumberTestRunner" name="runScenario" time="4.364"/>
</testsuite> <!-- TestRunner.CucumberTestRunner -->
