<?xml version="1.0" encoding="UTF-8"?>
<!-- Generated by org.testng.reporters.JUnitReportReporter -->
<testsuite hostname="DESKTOP-TPFM1J6" failures="0" tests="1" name="TestRunner.CucumberTestRunner" time="2.195" errors="0" timestamp="2024-08-12T16:49:16 IST" skipped="0">
  <testcase classname="TestRunner.CucumberTestRunner" name="runScenario" time="2.195"/>
</testsuite> <!-- TestRunner.CucumberTestRunner -->
